<?xml version="1.0" encoding="UTF-8"?>
<testsuite xmlns:xsi="http://www.w3.org/2001/XMLSchema-instance" xsi:noNamespaceSchemaLocation="https://maven.apache.org/surefire/maven-surefire-plugin/xsd/surefire-test-report.xsd" name="com.webdriver.runner.BugzillaRunner" time="155.458" tests="1" errors="0" skipped="0" failures="1">
  <properties>
[...]
</properties>
  <testcase name="feature" classname="com.webdriver.runner.BugzillaRunner" time="151.393">
    <failure message="java.lang.AssertionError: Title Failed" type="cucumber.runtime.CucumberException">cucumber.runtime.CucumberException: java.lang.AssertionError: Title Failed
Caused by: java.lang.AssertionError: Title Failed
</failure>
    <system-out><![CDATA[Feature: Bugzilla bug creation
---Driver Service Initiated---
/D:/Projects/JavaProjects/SeleniumWebdriverProject/target/test-classes/
Webdrive Name in other Init
This is normal hook method
Test seetings Initiated..
Browser going to close..
---Driver Service Initiated---
/D:/Projects/JavaProjects/SeleniumWebdriverProject/target/test-classes/
Webdrive Name in other Init
This is regression hook
This is normal hook method

  Scenario: Bug creating in Bugzilla                                                                                                                                    # src/main/java/com/webdriverlearn/pgfactory/BugCreation.feature:2
    Given Bugzilla_I am at Bugzilla Homepage                                                                                                                            # BugStepDefn.bugzilla_i_am_at_Bugzilla_Homepage()
    Then Bugzilla_I click on file a bug and navigate to login page                                                                                                      # BugStepDefn.bugzilla_i_click_on_file_a_bug_and_navigate_to_login_page()
    And Bugzilla_Page Title should be "Log in to Bugzilla"                                                                                                              # BugStepDefn.bugzilla_page_Title_should_be(String)
      java.lang.AssertionError: Title Failed
      	at org.testng.Assert.fail(Assert.java:96)
      	at com.webdriverlearn.pgfactory.BugStepDefn.bugzilla_page_Title_should_be(BugStepDefn.java:42)
      	at ?.And Bugzilla_Page Title should be "Log in to Bugzilla"(src/main/java/com/webdriverlearn/pgfactory/BugCreation.feature:5)

    Then Bugzilla_I enter login details and navigate to Product Selection                                                                                               # BugStepDefn.bugzilla_i_enter_login_details_and_navigate_to_Product_Selection()
    Then Bugzilla_I Testng Product and navigate submit bug page                                                                                                         # BugStepDefn.bugzilla_i_Testng_Product_and_navigate_submit_bug_page()
    Then Bugzilla_I Enter Componente as "Comp2" Version as "v1" Sev as "minor" HW as "Other" Os as "Linux" Priority as "Low" Sum "Summary Done" Desc "Description done" # BugStepDefn.bugzilla_i_Enter_Componente_as_Version_as_Sev_as_HW_as_Os_as_Priority_as_Sum_Desc(String,String,String,String,String,String,String,String)
Test seetings Initiated..
----->>>>Data1234
Browser going to close..
---Driver Service Initiated---
/D:/Projects/JavaProjects/SeleniumWebdriverProject/target/test-classes/
Webdrive Name in other Init
This is normal hook method

  @regression
  Scenario: TestProduct Bug Creation                                                                                                                                     # src/main/java/com/webdriverlearn/pgfactory/BugCreation.feature:11
    Given Bugzilla_I am at Bugzilla Homepage                                                                                                                             # BugStepDefn.bugzilla_i_am_at_Bugzilla_Homepage()
    Then Bugzilla_I click on file a bug and navigate to login page                                                                                                       # BugStepDefn.bugzilla_i_click_on_file_a_bug_and_navigate_to_login_page()
    Then Bugzilla_I enter login details and navigate to Product Selection                                                                                                # BugStepDefn.bugzilla_i_enter_login_details_and_navigate_to_Product_Selection()
    Then TestProduct Test Product and navigate submit bug page                                                                                                           # TestProductBugStepDefnOne.testproduct_Test_Product_and_navigate_submit_bug_page()
    Then TestProduct Enter Componente as "Comp2" Version as "v1" Sev as "minor" HW as "Other" Os as "Linux" Priority as "Low" Sum "Summary Done" Desc "Description done" # TestProductBugsStepDefnTwo.testproduct_Enter_Componente_as_Version_as_Sev_as_HW_as_Os_as_Priority_as_Sum_Desc(String,String,String,String,String,String,String,String)
    And TestProduct click on Submit Bug                                                                                                                                  # TestProductBugsStepDefnTwo.testproduct_click_on_Submit_Bug()
    And TestProduct am summary page and i logout                                                                                                                         # TestProductBugsStepDefnTwo.testproduct_am_summary_page_and_i_logout()
Test seetings Initiated..
----->>>>Data1234
Browser going to close..

  Scenario: TestProduct2 Bug Creation                                                                                                                                    # src/main/java/com/webdriverlearn/pgfactory/BugCreation.feature:20
    Given Bugzilla_I am at Bugzilla Homepage                                                                                                                             # BugStepDefn.bugzilla_i_am_at_Bugzilla_Homepage()
    Then Bugzilla_I click on file a bug and navigate to login page                                                                                                       # BugStepDefn.bugzilla_i_click_on_file_a_bug_and_navigate_to_login_page()
    Then Bugzilla_I enter login details and navigate to Product Selection                                                                                                # BugStepDefn.bugzilla_i_enter_login_details_and_navigate_to_Product_Selection()
    Then Bugzilla_I click on Home button                                                                                                                                 # BugStepDefn.bugzilla_i_click_on_Home_button()
    Then Bugzilla_I click on New Button                                                                                                                                  # BugStepDefn.bugzilla_i_click_on_New_Button()
    Then TestProduct Test Product and navigate submit bug page                                                                                                           # TestProductBugStepDefnOne.testproduct_Test_Product_and_navigate_submit_bug_page()
    Then TestProduct Enter Componente as "Comp2" Version as "v1" Sev as "minor" HW as "Other" Os as "Linux" Priority as "Low" Sum "Summary Done" Desc "Description done" # TestProductBugsStepDefnTwo.testproduct_Enter_Componente_as_Version_as_Sev_as_HW_as_Os_as_Priority_as_Sum_Desc(String,String,String,String,String,String,String,String)
    And TestProduct click on Submit Bug                                                                                                                                  # TestProductBugsStepDefnTwo.testproduct_click_on_Submit_Bug()
    And TestProduct am summary page and i logout                                                                                                                         # TestProductBugsStepDefnTwo.testproduct_am_summary_page_and_i_logout()
]]></system-out>
    <system-err><![CDATA[1586776864983	mozrunner::runner	INFO	Running command: "C:\\Program Files\\Mozilla Firefox\\firefox.exe" "-marionette" "-foreground" "-no-remote" "-profile" "C:\\Users\\c29ra\\AppData\\Local\\Temp\\rust_mozprofileDGuHgm"
1586776871435	addons.webextension.doh-rollout@mozilla.org	WARN	Loading extension 'doh-rollout@mozilla.org': Reading manifest: Invalid extension permission: networkStatus
1586776875434	addons.webextension.screenshots@mozilla.org	WARN	Loading extension 'screenshots@mozilla.org': Reading manifest: Invalid extension permission: mozillaAddons
1586776875435	addons.webextension.screenshots@mozilla.org	WARN	Loading extension 'screenshots@mozilla.org': Reading manifest: Invalid extension permission: telemetry
1586776875435	addons.webextension.screenshots@mozilla.org	WARN	Loading extension 'screenshots@mozilla.org': Reading manifest: Invalid extension permission: resource://pdf.js/
1586776875437	addons.webextension.screenshots@mozilla.org	WARN	Loading extension 'screenshots@mozilla.org': Reading manifest: Invalid extension permission: about:reader*
JavaScript error: resource://gre/modules/XULStore.jsm, line 66: Error: Can't find profile directory.
1586776891783	Marionette	INFO	Listening on port 53191
1586776892297	Marionette	WARN	TLS certificate errors will be ignored for this session
Apr 13, 2020 4:51:32 PM org.openqa.selenium.remote.ProtocolHandshake createSession
INFO: Detected dialect: W3C
1586776916335	Marionette	INFO	Stopped listening on port 53191

###!!! [Child][RunMessage] Error: Channel closing: too late to send/recv, messages will be lost


###!!! [Child][MessageChannel::SendAndWait] Error: Channel error: cannot send/recv

1586776924971	mozrunner::runner	INFO	Running command: "C:\\Program Files\\Mozilla Firefox\\firefox.exe" "-marionette" "-foreground" "-no-remote" "-profile" "C:\\Users\\c29ra\\AppData\\Local\\Temp\\rust_mozprofileIpFbuR"
1586776927220	addons.webextension.doh-rollout@mozilla.org	WARN	Loading extension 'doh-rollout@mozilla.org': Reading manifest: Invalid extension permission: networkStatus
1586776930554	addons.webextension.screenshots@mozilla.org	WARN	Loading extension 'screenshots@mozilla.org': Reading manifest: Invalid extension permission: mozillaAddons
1586776930554	addons.webextension.screenshots@mozilla.org	WARN	Loading extension 'screenshots@mozilla.org': Reading manifest: Invalid extension permission: telemetry
1586776930555	addons.webextension.screenshots@mozilla.org	WARN	Loading extension 'screenshots@mozilla.org': Reading manifest: Invalid extension permission: resource://pdf.js/
1586776930555	addons.webextension.screenshots@mozilla.org	WARN	Loading extension 'screenshots@mozilla.org': Reading manifest: Invalid extension permission: about:reader*
JavaScript error: resource://gre/modules/XULStore.jsm, line 66: Error: Can't find profile directory.
1586776940048	Marionette	INFO	Listening on port 53367
1586776940160	Marionette	WARN	TLS certificate errors will be ignored for this session
Apr 13, 2020 4:52:20 PM org.openqa.selenium.remote.ProtocolHandshake createSession
INFO: Detected dialect: W3C
1586776965497	Marionette	INFO	Stopped listening on port 53367

###!!! [Child][RunMessage] Error: Channel closing: too late to send/recv, messages will be lost


###!!! [Child][MessageChannel::SendAndWait] Error: Channel error: cannot send/recv

1586776970582	mozrunner::runner	INFO	Running command: "C:\\Program Files\\Mozilla Firefox\\firefox.exe" "-marionette" "-foreground" "-no-remote" "-profile" "C:\\Users\\c29ra\\AppData\\Local\\Temp\\rust_mozprofileruP1G4"
1586776971559	addons.webextension.doh-rollout@mozilla.org	WARN	Loading extension 'doh-rollout@mozilla.org': Reading manifest: Invalid extension permission: networkStatus
1586776974008	addons.webextension.screenshots@mozilla.org	WARN	Loading extension 'screenshots@mozilla.org': Reading manifest: Invalid extension permission: mozillaAddons
1586776974008	addons.webextension.screenshots@mozilla.org	WARN	Loading extension 'screenshots@mozilla.org': Reading manifest: Invalid extension permission: telemetry
1586776974009	addons.webextension.screenshots@mozilla.org	WARN	Loading extension 'screenshots@mozilla.org': Reading manifest: Invalid extension permission: resource://pdf.js/
1586776974009	addons.webextension.screenshots@mozilla.org	WARN	Loading extension 'screenshots@mozilla.org': Reading manifest: Invalid extension permission: about:reader*
JavaScript error: resource://gre/modules/XULStore.jsm, line 66: Error: Can't find profile directory.
1586776977341	Marionette	INFO	Listening on port 53432
1586776977431	Marionette	WARN	TLS certificate errors will be ignored for this session
Apr 13, 2020 4:52:57 PM org.openqa.selenium.remote.ProtocolHandshake createSession
INFO: Detected dialect: W3C
1586776983127	Marionette	WARN	TimedPromise timed out after 500 ms: stacktrace:
TimedPromise/<@chrome://marionette/content/sync.js:244:13
TimedPromise@chrome://marionette/content/sync.js:229:10
interaction.flushEventLoop@chrome://marionette/content/interaction.js:416:10
webdriverClickElement@chrome://marionette/content/interaction.js:182:31
1586776985874	Marionette	WARN	TimedPromise timed out after 500 ms: stacktrace:
TimedPromise/<@chrome://marionette/content/sync.js:244:13
TimedPromise@chrome://marionette/content/sync.js:229:10
interaction.flushEventLoop@chrome://marionette/content/interaction.js:416:10
webdriverClickElement@chrome://marionette/content/interaction.js:182:31
1586776989248	Marionette	WARN	TimedPromise timed out after 500 ms: stacktrace:
TimedPromise/<@chrome://marionette/content/sync.js:244:13
TimedPromise@chrome://marionette/content/sync.js:229:10
interaction.flushEventLoop@chrome://marionette/content/interaction.js:416:10
webdriverClickElement@chrome://marionette/content/interaction.js:182:31
1586776991614	Marionette	WARN	TimedPromise timed out after 500 ms: stacktrace:
TimedPromise/<@chrome://marionette/content/sync.js:244:13
TimedPromise@chrome://marionette/content/sync.js:229:10
interaction.flushEventLoop@chrome://marionette/content/interaction.js:416:10
webdriverClickElement@chrome://marionette/content/interaction.js:182:31
1586776994671	Marionette	WARN	TimedPromise timed out after 500 ms: stacktrace:
TimedPromise/<@chrome://marionette/content/sync.js:244:13
TimedPromise@chrome://marionette/content/sync.js:229:10
interaction.flushEventLoop@chrome://marionette/content/interaction.js:416:10
webdriverClickElement@chrome://marionette/content/interaction.js:182:31
1586776998429	Marionette	WARN	TimedPromise timed out after 500 ms: stacktrace:
TimedPromise/<@chrome://marionette/content/sync.js:244:13
TimedPromise@chrome://marionette/content/sync.js:229:10
interaction.flushEventLoop@chrome://marionette/content/interaction.js:416:10
webdriverClickElement@chrome://marionette/content/interaction.js:182:31
1586777002490	Marionette	WARN	TimedPromise timed out after 500 ms: stacktrace:
TimedPromise/<@chrome://marionette/content/sync.js:244:13
TimedPromise@chrome://marionette/content/sync.js:229:10
interaction.flushEventLoop@chrome://marionette/content/interaction.js:416:10
webdriverClickElement@chrome://marionette/content/interaction.js:182:31
1586777006543	Marionette	INFO	Stopped listening on port 53432

###!!! [Child][RunMessage] Error: Channel closing: too late to send/recv, messages will be lost


###!!! [Child][MessageChannel::SendAndWait] Error: Channel error: cannot send/recv

]]></system-err>
  </testcase>
</testsuite>