<?xml version="1.0" encoding="UTF-8"?>
<testng-results skipped="0" failed="0" ignored="0" total="1" passed="1">
  <reporter-output>
  </reporter-output>
  <suite name="Surefire suite" duration-ms="2041" started-at="2020-04-13T14:16:38Z" finished-at="2020-04-13T14:16:40Z">
    <groups>
      <group name="cucumber">
        <method signature="AbstractTestNGCucumberTests.feature(cucumber.api.testng.CucumberFeatureWrapper)[pri:0, instance:com.webdriver.genericRunner.SearchEngineRunner@2cb4c3ab]" name="feature" class="cucumber.api.testng.AbstractTestNGCucumberTests"/>
      </group> <!-- cucumber -->
    </groups>
    <test name="Surefire test" duration-ms="2041" started-at="2020-04-13T14:16:38Z" finished-at="2020-04-13T14:16:40Z">
      <class name="com.webdriver.genericRunner.SearchEngineRunner">
        <test-method status="PASS" signature="setUpClass()[pri:0, instance:com.webdriver.genericRunner.SearchEngineRunner@2cb4c3ab]" name="setUpClass" is-config="true" duration-ms="1455" started-at="2020-04-13T14:16:38Z" finished-at="2020-04-13T14:16:39Z">
          <reporter-output>
          </reporter-output>
        </test-method> <!-- setUpClass -->
        <test-method status="PASS" signature="feature(cucumber.api.testng.CucumberFeatureWrapper)[pri:0, instance:com.webdriver.genericRunner.SearchEngineRunner@2cb4c3ab]" name="feature" duration-ms="249" started-at="2020-04-13T14:16:40Z" description="Runs Cucumber Feature" data-provider="features" finished-at="2020-04-13T14:16:40Z">
          <params>
            <param index="0">
              <value>
                <![CDATA[This feature for google]]>
              </value>
            </param>
          </params>
          <reporter-output>
          </reporter-output>
        </test-method> <!-- feature -->
        <test-method status="PASS" signature="tearDownClass()[pri:0, instance:com.webdriver.genericRunner.SearchEngineRunner@2cb4c3ab]" name="tearDownClass" is-config="true" duration-ms="17" started-at="2020-04-13T14:16:40Z" finished-at="2020-04-13T14:16:40Z">
          <reporter-output>
          </reporter-output>
        </test-method> <!-- tearDownClass -->
      </class> <!-- com.webdriver.genericRunner.SearchEngineRunner -->
    </test> <!-- Surefire test -->
  </suite> <!-- Surefire suite -->
</testng-results>
